<html>
<head>
<title>TestNG:  Surefire test</title>
<link href="../testng.css" rel="stylesheet" type="text/css" />
<link href="../my-testng.css" rel="stylesheet" type="text/css" />

<style type="text/css">
.log { display: none;} 
.stack-trace { display: none;} 
</style>
<script type="text/javascript">
<!--
function flip(e) {
  current = e.style.display;
  if (current == 'block') {
    e.style.display = 'none';
    return 0;
  }
  else {
    e.style.display = 'block';
    return 1;
  }
}

function toggleBox(szDivId, elem, msg1, msg2)
{
  var res = -1;  if (document.getElementById) {
    res = flip(document.getElementById(szDivId));
  }
  else if (document.all) {
    // this is the way old msie versions work
    res = flip(document.all[szDivId]);
  }
  if(elem) {
    if(res == 0) elem.innerHTML = msg1; else elem.innerHTML = msg2;
  }

}

function toggleAllBoxes() {
  if (document.getElementsByTagName) {
    d = document.getElementsByTagName('div');
    for (i = 0; i < d.length; i++) {
      if (d[i].className == 'log') {
        flip(d[i]);
      }
    }
  }
}

// -->
</script>

</head>
<body>
<h2 align='center'>Surefire test</h2><table border='1' align="center">
<tr>
<td>Tests passed/Failed/Skipped:</td><td>12/1/0</td>
</tr><tr>
<td>Started on:</td><td>Mon Apr 07 17:51:25 IST 2025</td>
</tr>
<tr><td>Total time:</td><td>106 seconds (106245 ms)</td>
</tr><tr>
<td>Included groups:</td><td></td>
</tr><tr>
<td>Excluded groups:</td><td></td>
</tr>
</table><p/>
<small><i>(Hover the method name to see the test class name)</i></small><p/>
<table width='100%' border='1' class='invocation-failed'>
<tr><td colspan='4' align='center'><b>FAILED TESTS</b></td></tr>
<tr><td><b>Test method</b></td>
<td><b>Attribute(s)</b></td>
<td width="30%"><b>Exception</b></td>
<td width="10%"><b>Time (seconds)</b></td>
<td><b>Instance</b></td>
</tr>
<tr>
<td title='parallel.ParallelTestRunner2.runScenario()'><b>runScenario</b><br>Test class: parallel.ParallelTestRunner2<br>Test method: Runs Cucumber Scenarios<br>Parameters: "Verify that "This is a required field." error message is displayed under all Mandatory fields provded user clicks on "Reset my password" button without entering any value in Mandatory field textbox.", "Forgot Password"</td>
<td><div><pre>org.openqa.selenium.NoSuchElementException: no such element: Unable to locate element: {&quot;method&quot;:&quot;xpath&quot;,&quot;selector&quot;:&quot;//*[@id=&quot;email_address-error&quot;]&quot;}
  (Session info: MicrosoftEdge=135.0.3179.54)
For documentation on this error, please visit: https://www.selenium.dev/documentation/webdriver/troubleshooting/errors#no-such-element-exception
Build info: version: &apos;4.19.1&apos;, revision: &apos;abe0ee07dc&apos;
System info: os.name: &apos;Windows 11&apos;, os.arch: &apos;amd64&apos;, os.version: &apos;10.0&apos;, java.version: &apos;23.0.1&apos;
Driver info: org.openqa.selenium.edge.EdgeDriver
Command: [dcf0e38f40127e8767c3351931565983, findElement {using=xpath, value=//*[@id=&quot;email_address-error&quot;]}]
Capabilities {acceptInsecureCerts: false, browserName: MicrosoftEdge, browserVersion: 135.0.3179.54, fedcm:accounts: true, ms:edgeOptions: {debuggerAddress: localhost:61064}, msedge: {msedgedriverVersion: 135.0.3179.54 (c435295f8c13..., userDataDir: C:\Users\razda\AppData\Loca...}, networkConnectionEnabled: false, pageLoadStrategy: normal, platformName: windows, proxy: Proxy(), se:cdp: ws://localhost:61064/devtoo..., se:cdpVersion: 135.0.3179.54, setWindowRect: true, strictFileInteractability: false, timeouts: {implicit: 0, pageLoad: 300000, script: 30000}, unhandledPromptBehavior: dismiss and notify, webauthn:extension:credBlob: true, webauthn:extension:largeBlob: true, webauthn:extension:minPinLength: true, webauthn:extension:prf: true, webauthn:virtualAuthenticators: true}
Session ID: dcf0e38f40127e8767c3351931565983
	at org.openqa.selenium.remote.ErrorCodec.decode(ErrorCodec.java:167)
	at org.openqa.selenium.remote.codec.w3c.W3CHttpResponseCodec.decode(W3CHttpResponseCodec.java:138)
	at org.openqa.selenium.remote.codec.w3c.W3CHttpResponseCodec.decode(W3CHttpResponseCodec.java:50)
	at org.openqa.selenium.remote.HttpCommandExecutor.execute(HttpCommandExecutor.java:190)
	at org.openqa.selenium.remote.service.DriverCommandExecutor.invokeExecute(DriverCommandExecutor.java:216)
	at org.openqa.selenium.remote.service.DriverCommandExecutor.execute(DriverCommandExecutor.java:174)
	at org.openqa.selenium.remote.RemoteWebDriver.execute(RemoteWebDriver.java:518)
	at org.openqa.selenium.remote.ElementLocation$ElementFinder$2.findElement(ElementLocation.java:165)
	at org.openqa.selenium.remote.ElementLocation.findElement(ElementLocation.java:59)
	at org.openqa.selenium.remote.RemoteWebDriver.findElement(RemoteWebDriver.java:355)
	at org.openqa.selenium.remote.RemoteWebDriver.findElement(RemoteWebDriver.java:349)
	at org.openqa.selenium.support.pagefactory.DefaultElementLocator.findElement(DefaultElementLocator.java:68)
	at org.openqa.selenium.support.pagefactory.internal.LocatingElementHandler.invoke(LocatingElementHandler.java:38)
	at jdk.proxy2/jdk.proxy2.$Proxy23.getText(Unknown Source)
	at pages.ForgotPassword_Page.getEmailMandatoryMessage(ForgotPassword_Page.java:65)
	at parallel.ForgotPassword_StepDefinitions.user_gets_error_email(ForgotPassword_StepDefinitions.java:40)
	at ✽.&quot;This is a required field.&quot; is displayed under Email textbox(file:///C:/Users/razda/eclipse-workspace/Cucumber%20Projects-Final/PROJECT8/src/test/resources/parallel/ForgotPassword.feature:19)
... Removed 3 stack frames</pre></div><a href='#' onClick='toggleBox("stack-trace2067804549", this, "Click to show all stack frames", "Click to hide stack frames")'>Click to show all stack frames</a>
<div class='stack-trace' id='stack-trace2067804549'><pre>org.openqa.selenium.NoSuchElementException: no such element: Unable to locate element: {&quot;method&quot;:&quot;xpath&quot;,&quot;selector&quot;:&quot;//*[@id=&quot;email_address-error&quot;]&quot;}
  (Session info: MicrosoftEdge=135.0.3179.54)
For documentation on this error, please visit: https://www.selenium.dev/documentation/webdriver/troubleshooting/errors#no-such-element-exception
Build info: version: &apos;4.19.1&apos;, revision: &apos;abe0ee07dc&apos;
System info: os.name: &apos;Windows 11&apos;, os.arch: &apos;amd64&apos;, os.version: &apos;10.0&apos;, java.version: &apos;23.0.1&apos;
Driver info: org.openqa.selenium.edge.EdgeDriver
Command: [dcf0e38f40127e8767c3351931565983, findElement {using=xpath, value=//*[@id=&quot;email_address-error&quot;]}]
Capabilities {acceptInsecureCerts: false, browserName: MicrosoftEdge, browserVersion: 135.0.3179.54, fedcm:accounts: true, ms:edgeOptions: {debuggerAddress: localhost:61064}, msedge: {msedgedriverVersion: 135.0.3179.54 (c435295f8c13..., userDataDir: C:\Users\razda\AppData\Loca...}, networkConnectionEnabled: false, pageLoadStrategy: normal, platformName: windows, proxy: Proxy(), se:cdp: ws://localhost:61064/devtoo..., se:cdpVersion: 135.0.3179.54, setWindowRect: true, strictFileInteractability: false, timeouts: {implicit: 0, pageLoad: 300000, script: 30000}, unhandledPromptBehavior: dismiss and notify, webauthn:extension:credBlob: true, webauthn:extension:largeBlob: true, webauthn:extension:minPinLength: true, webauthn:extension:prf: true, webauthn:virtualAuthenticators: true}
Session ID: dcf0e38f40127e8767c3351931565983
	at java.base/jdk.internal.reflect.DirectConstructorHandleAccessor.newInstance(DirectConstructorHandleAccessor.java:62)
	at java.base/java.lang.reflect.Constructor.newInstanceWithCaller(Constructor.java:501)
	at java.base/java.lang.reflect.Constructor.newInstance(Constructor.java:485)
	at org.openqa.selenium.remote.ErrorCodec.decode(ErrorCodec.java:167)
	at org.openqa.selenium.remote.codec.w3c.W3CHttpResponseCodec.decode(W3CHttpResponseCodec.java:138)
	at org.openqa.selenium.remote.codec.w3c.W3CHttpResponseCodec.decode(W3CHttpResponseCodec.java:50)
	at org.openqa.selenium.remote.HttpCommandExecutor.execute(HttpCommandExecutor.java:190)
	at org.openqa.selenium.remote.service.DriverCommandExecutor.invokeExecute(DriverCommandExecutor.java:216)
	at org.openqa.selenium.remote.service.DriverCommandExecutor.execute(DriverCommandExecutor.java:174)
	at org.openqa.selenium.remote.RemoteWebDriver.execute(RemoteWebDriver.java:518)
	at org.openqa.selenium.remote.ElementLocation$ElementFinder$2.findElement(ElementLocation.java:165)
	at org.openqa.selenium.remote.ElementLocation.findElement(ElementLocation.java:59)
	at org.openqa.selenium.remote.RemoteWebDriver.findElement(RemoteWebDriver.java:355)
	at org.openqa.selenium.remote.RemoteWebDriver.findElement(RemoteWebDriver.java:349)
	at org.openqa.selenium.support.pagefactory.DefaultElementLocator.findElement(DefaultElementLocator.java:68)
	at org.openqa.selenium.support.pagefactory.internal.LocatingElementHandler.invoke(LocatingElementHandler.java:38)
	at jdk.proxy2/jdk.proxy2.$Proxy23.getText(Unknown Source)
	at pages.ForgotPassword_Page.getEmailMandatoryMessage(ForgotPassword_Page.java:65)
	at parallel.ForgotPassword_StepDefinitions.user_gets_error_email(ForgotPassword_StepDefinitions.java:40)
	at ✽.&quot;This is a required field.&quot; is displayed under Email textbox(file:///C:/Users/razda/eclipse-workspace/Cucumber%20Projects-Final/PROJECT8/src/test/resources/parallel/ForgotPassword.feature:19)
</pre></div></td>
<td>64</td>
<td>parallel.ParallelTestRunner2@2d7275fc</td></tr>
</table><p>
<table width='100%' border='1' class='invocation-passed'>
<tr><td colspan='4' align='center'><b>PASSED TESTS</b></td></tr>
<tr><td><b>Test method</b></td>
<td><b>Attribute(s)</b></td>
<td width="30%"><b>Exception</b></td>
<td width="10%"><b>Time (seconds)</b></td>
<td><b>Instance</b></td>
</tr>
<tr>
<td title='parallel.ParallelTestRunner2.runScenario()'><b>runScenario</b><br>Test class: parallel.ParallelTestRunner2<br>Test method: Runs Cucumber Scenarios<br>Parameters: "Validate that Sign-In page form contains below elements:-", "SignIn"</td>
<td></td>
<td>62</td>
<td>parallel.ParallelTestRunner2@2d7275fc</td></tr>
<tr>
<td title='parallel.ParallelTestRunner2.runScenario()'><b>runScenario</b><br>Test class: parallel.ParallelTestRunner2<br>Test method: Runs Cucumber Scenarios<br>Parameters: "Verify that "If there is an account associated with <entered email address> you will receive an email with a link to reset your password." message is displayed provided user enters valid email address in email address textbox followed by click on Rest my account button", "Forgot Password"</td>
<td></td>
<td>68</td>
<td>parallel.ParallelTestRunner2@2d7275fc</td></tr>
<tr>
<td title='parallel.ParallelTestRunner2.runScenario()'><b>runScenario</b><br>Test class: parallel.ParallelTestRunner2<br>Test method: Runs Cucumber Scenarios<br>Parameters: "Verify that "If there is an account associated with <entered email address> you will receive an email with a link to reset your password." message is displayed provided user enters valid email address in email address textbox followed by click on Rest my account button", "Forgot Password"</td>
<td></td>
<td>67</td>
<td>parallel.ParallelTestRunner2@2d7275fc</td></tr>
<tr>
<td title='parallel.ParallelTestRunner2.runScenario()'><b>runScenario</b><br>Test class: parallel.ParallelTestRunner2<br>Test method: Runs Cucumber Scenarios<br>Parameters: "Validate that user is not able to login using invalid credentials", "SignIn"</td>
<td></td>
<td>17</td>
<td>parallel.ParallelTestRunner2@2d7275fc</td></tr>
<tr>
<td title='parallel.ParallelTestRunner2.runScenario()'><b>runScenario</b><br>Test class: parallel.ParallelTestRunner2<br>Test method: Runs Cucumber Scenarios<br>Parameters: "Validate that Sign-In page title is "Customer Login"", "SignIn"</td>
<td></td>
<td>59</td>
<td>parallel.ParallelTestRunner2@2d7275fc</td></tr>
<tr>
<td title='parallel.ParallelTestRunner2.runScenario()'><b>runScenario</b><br>Test class: parallel.ParallelTestRunner2<br>Test method: Runs Cucumber Scenarios<br>Parameters: "Verify that title of Forgot Password page is "Forgot Your Password?"", "Forgot Password"</td>
<td></td>
<td>63</td>
<td>parallel.ParallelTestRunner2@2d7275fc</td></tr>
<tr>
<td title='parallel.ParallelTestRunner2.runScenario()'><b>runScenario</b><br>Test class: parallel.ParallelTestRunner2<br>Test method: Runs Cucumber Scenarios<br>Parameters: "Verify that "Please enter a valid email address (Ex: johndoe@domain.com)." error message is displayed under Email textbox provided user enters Invalid email address in email textbox and clicks on Reset My Password button", "Forgot Password"</td>
<td></td>
<td>63</td>
<td>parallel.ParallelTestRunner2@2d7275fc</td></tr>
<tr>
<td title='parallel.ParallelTestRunner2.runScenario()'><b>runScenario</b><br>Test class: parallel.ParallelTestRunner2<br>Test method: Runs Cucumber Scenarios<br>Parameters: "Verify that user gets below mentioned labels/Fields on "Forgot Password' webpage Labels,"Forgot Password" button,"Please enter your email address below to receive a password reset link.", "Email" ( with *) and "Reset my Password" button", "Forgot Password"</td>
<td></td>
<td>60</td>
<td>parallel.ParallelTestRunner2@2d7275fc</td></tr>
<tr>
<td title='parallel.ParallelTestRunner2.runScenario()'><b>runScenario</b><br>Test class: parallel.ParallelTestRunner2<br>Test method: Runs Cucumber Scenarios<br>Parameters: "Verify that "Please enter a valid email address (Ex: johndoe@domain.com)." error message is displayed under Email textbox provided user enters Invalid email address in email textbox and clicks on Reset My Password button", "Forgot Password"</td>
<td></td>
<td>63</td>
<td>parallel.ParallelTestRunner2@2d7275fc</td></tr>
<tr>
<td title='parallel.ParallelTestRunner2.runScenario()'><b>runScenario</b><br>Test class: parallel.ParallelTestRunner2<br>Test method: Runs Cucumber Scenarios<br>Parameters: "Validate that user is not able to login using invalid credentials", "SignIn"</td>
<td></td>
<td>19</td>
<td>parallel.ParallelTestRunner2@2d7275fc</td></tr>
<tr>
<td title='parallel.ParallelTestRunner2.runScenario()'><b>runScenario</b><br>Test class: parallel.ParallelTestRunner2<br>Test method: Runs Cucumber Scenarios<br>Parameters: "Validate that user logs in successfully using valid credentials", "SignIn"</td>
<td></td>
<td>37</td>
<td>parallel.ParallelTestRunner2@2d7275fc</td></tr>
<tr>
<td title='parallel.ParallelTestRunner2.runScenario()'><b>runScenario</b><br>Test class: parallel.ParallelTestRunner2<br>Test method: Runs Cucumber Scenarios<br>Parameters: "Validate that user logs in successfully using valid credentials", "SignIn"</td>
<td></td>
<td>67</td>
<td>parallel.ParallelTestRunner2@2d7275fc</td></tr>
</table><p>
</body>
</html>